<?xml version="1.0" encoding="UTF-8"?>
<testsuites>
  <testsuite name="converter" tests="1" assertions="2" errors="0" failures="0" skipped="0" time="0.019475">
    <testsuite name="SashaMart\CartDiscount\CartTest" file="/home/sasha/tutu/cart-discount/tests/CartTest.php" tests="1" assertions="2" errors="0" failures="0" skipped="0" time="0.019475">
      <testcase name="testDiscountedTotal" class="SashaMart\CartDiscount\CartTest" classname="SashaMart.CartDiscount.CartTest" file="/home/sasha/tutu/cart-discount/tests/CartTest.php" line="9" assertions="2" time="0.019475"/>
    </testsuite>
  </testsuite>
</testsuites>
